Using pre-set license
Built from '2020.3/staging' branch; Version is '2020.3.47f1 (5ef4f5b5e2d4) revision 6223093'; Using compiler version '192528614'; Build Type 'Release'
OS: 'Windows 11  (10.0.22621) 64bit Core' Language: 'fr' Physical Memory: 8041 MB
BatchMode: 1, IsHumanControllingUs: 0, StartBugReporterOnCrash: 0, Is64bit: 1, IsPro: 0

COMMAND LINE ARGUMENTS:
C:\Program Files\Unity\Hub\Editor\2020.3.47f1\Editor\Unity.exe
-adb2
-batchMode
-noUpm
-name
AssetImportWorker0
-projectPath
C:/Users/jenny/Desktop/ToonBlast/ToonBlast
-logFile
Logs/AssetImportWorker0.log
-srvPort
49560
Successfully changed project path to: C:/Users/jenny/Desktop/ToonBlast/ToonBlast
C:/Users/jenny/Desktop/ToonBlast/ToonBlast
Using Asset Import Pipeline V2.
Player connection [12204] Host "[IP] 192.168.1.55 [Port] 3221443040 [Flags] 2 [Guid] 2439837683 [EditorId] 2439837683 [Version] 1048832 [Id] WindowsEditor(7,Jenny) [Debug] 1 [PackageName] WindowsEditor [ProjectName] Editor" joined multi-casting on [225.0.0.222:54997]...

Player connection [12204] Host "[IP] 192.168.1.55 [Port] 3221443040 [Flags] 2 [Guid] 2439837683 [EditorId] 2439837683 [Version] 1048832 [Id] WindowsEditor(7,Jenny) [Debug] 1 [PackageName] WindowsEditor [ProjectName] Editor" joined alternative multi-casting on [225.0.0.222:34997]...

Refreshing native plugins compatible for Editor in 40.35 ms, found 3 plugins.
Preloading 0 native plugins for Editor in 0.00 ms.
Initialize engine version: 2020.3.47f1 (5ef4f5b5e2d4)
[Subsystems] Discovering subsystems at path C:/Program Files/Unity/Hub/Editor/2020.3.47f1/Editor/Data/Resources/UnitySubsystems
[Subsystems] Discovering subsystems at path C:/Users/jenny/Desktop/ToonBlast/ToonBlast/Assets
GfxDevice: creating device client; threaded=0
Direct3D:
    Version:  Direct3D 11.0 [level 11.1]
    Renderer: Intel(R) UHD Graphics 630 (ID=0x9bc8)
    Vendor:   
    VRAM:     4020 MB
    Driver:   30.0.100.9836
Initialize mono
Mono path[0] = 'C:/Program Files/Unity/Hub/Editor/2020.3.47f1/Editor/Data/Managed'
Mono path[1] = 'C:/Program Files/Unity/Hub/Editor/2020.3.47f1/Editor/Data/MonoBleedingEdge/lib/mono/unityjit'
Mono config path = 'C:/Program Files/Unity/Hub/Editor/2020.3.47f1/Editor/Data/MonoBleedingEdge/etc'
Using monoOptions --debugger-agent=transport=dt_socket,embedding=1,server=y,suspend=n,address=127.0.0.1:56376
Begin MonoManager ReloadAssembly
Registering precompiled unity dll's ...
Register platform support module: C:/Program Files/Unity/Hub/Editor/2020.3.47f1/Editor/Data/PlaybackEngines/WindowsStandaloneSupport/UnityEditor.WindowsStandalone.Extensions.dll
Registered in 0.002121 seconds.
Native extension for WindowsStandalone target not found
Refreshing native plugins compatible for Editor in 37.73 ms, found 3 plugins.
Preloading 0 native plugins for Editor in 0.00 ms.
Mono: successfully reloaded assembly
- Completed reload, in  0.536 seconds
Domain Reload Profiling:
	ReloadAssembly (537ms)
		BeginReloadAssembly (67ms)
			ExecutionOrderSort (0ms)
			DisableScriptedObjects (0ms)
			BackupInstance (0ms)
			ReleaseScriptingObjects (0ms)
			CreateAndSetChildDomain (1ms)
		EndReloadAssembly (400ms)
			LoadAssemblies (63ms)
			RebuildTransferFunctionScriptingTraits (0ms)
			SetupTypeCache (135ms)
			ReleaseScriptCaches (0ms)
			RebuildScriptCaches (27ms)
			SetupLoadedEditorAssemblies (149ms)
				LogAssemblyErrors (0ms)
				InitializePlatformSupportModulesInManaged (4ms)
				SetLoadedEditorAssemblies (0ms)
				RefreshPlugins (38ms)
				BeforeProcessingInitializeOnLoad (7ms)
				ProcessInitializeOnLoadAttributes (75ms)
				ProcessInitializeOnLoadMethodAttributes (25ms)
				AfterProcessingInitializeOnLoad (0ms)
				EditorAssembliesLoaded (0ms)
			ExecutionOrderSort2 (0ms)
			AwakeInstancesAfterBackupRestoration (0ms)
Platform modules already initialized, skipping
Registering precompiled user dll's ...
Registered in 0.004692 seconds.
Begin MonoManager ReloadAssembly
Native extension for WindowsStandalone target not found
Refreshing native plugins compatible for Editor in 38.15 ms, found 3 plugins.
Preloading 0 native plugins for Editor in 0.00 ms.
Mono: successfully reloaded assembly
- Completed reload, in  0.992 seconds
Domain Reload Profiling:
	ReloadAssembly (993ms)
		BeginReloadAssembly (140ms)
			ExecutionOrderSort (0ms)
			DisableScriptedObjects (4ms)
			BackupInstance (0ms)
			ReleaseScriptingObjects (0ms)
			CreateAndSetChildDomain (16ms)
		EndReloadAssembly (792ms)
			LoadAssemblies (98ms)
			RebuildTransferFunctionScriptingTraits (0ms)
			SetupTypeCache (263ms)
			ReleaseScriptCaches (0ms)
			RebuildScriptCaches (42ms)
			SetupLoadedEditorAssemblies (302ms)
				LogAssemblyErrors (0ms)
				InitializePlatformSupportModulesInManaged (3ms)
				SetLoadedEditorAssemblies (0ms)
				RefreshPlugins (38ms)
				BeforeProcessingInitializeOnLoad (63ms)
				ProcessInitializeOnLoadAttributes (172ms)
				ProcessInitializeOnLoadMethodAttributes (15ms)
				AfterProcessingInitializeOnLoad (10ms)
				EditorAssembliesLoaded (0ms)
			ExecutionOrderSort2 (0ms)
			AwakeInstancesAfterBackupRestoration (2ms)
Platform modules already initialized, skipping
========================================================================
Worker process is ready to serve import requests
Launched and connected shader compiler UnityShaderCompiler.exe after 0.03 seconds
Refreshing native plugins compatible for Editor in 0.45 ms, found 3 plugins.
Preloading 0 native plugins for Editor in 0.00 ms.
Unloading 2015 Unused Serialized files (Serialized files now loaded: 0)
System memory in use before: 92.0 MB.
System memory in use after: 92.0 MB.

Unloading 31 unused Assets to reduce memory usage. Loaded Objects now: 2447.
Total: 2.481100 ms (FindLiveObjects: 0.143000 ms CreateObjectMapping: 0.062400 ms MarkObjects: 2.161600 ms  DeleteObjects: 0.113300 ms)

AssetImportParameters requested are different than current active one (requested -> active):
  custom:framework-win-MediaFoundation: 216162199b28c13a410421893ffa2e32 -> 
  custom:video-decoder-ogg-theora: a1e56fd34408186e4bbccfd4996cb3dc -> 
  custom:container-muxer-webm: aa71ff27fc2769a1b78a27578f13a17b -> 
  custom:container-demuxer-webm: 4f35f7cbe854078d1ac9338744f61a02 -> 
  custom:container-demuxer-ogg: 62fdf1f143b41e24485cea50d1cbac27 -> 
  custom:video-encoder-webm-vp8: eb34c28f22e8b96e1ab97ce403110664 -> 
  custom:video-decoder-webm-vp8: 9c59270c3fd7afecdb556c50c9e8de78 -> 
  custom:audio-decoder-ogg-vorbis: bf7c407c2cedff20999df2af8eb42d56 -> 
  custom:audio-encoder-webm-vorbis: bf7c407c2cedff20999df2af8eb42d56 -> 
========================================================================
Received Import Request.
  path: Assets/Images
  artifactKey: Guid(93ad1641950b8f848a17c6e2c3c79d0c) Importer(815301076,1909f56bfc062723c751e8b465ee728b)
Start importing Assets/Images using Guid(93ad1641950b8f848a17c6e2c3c79d0c) Importer(815301076,1909f56bfc062723c751e8b465ee728b)  -> (artifact id: '140d98cef7a8b62ab773c0294b540a45') in 0.005073 seconds 
========================================================================
Received Import Request.
  Time since last request: 1074.268332 seconds.
  path: Assets/Images/BLEU.png
  artifactKey: Guid(3e344fcd73499b44a8010d2e6e01ebc8) Importer(815301076,1909f56bfc062723c751e8b465ee728b)
Start importing Assets/Images/BLEU.png using Guid(3e344fcd73499b44a8010d2e6e01ebc8) Importer(815301076,1909f56bfc062723c751e8b465ee728b)  -> (artifact id: 'e9cbbcad0de458956f01225235f8714a') in 0.092710 seconds 
========================================================================
Received Import Request.
  Time since last request: 0.000262 seconds.
  path: Assets/Images/ROUGE.png
  artifactKey: Guid(3aa1f9d095c55564c96aa6e2c789db45) Importer(815301076,1909f56bfc062723c751e8b465ee728b)
Start importing Assets/Images/ROUGE.png using Guid(3aa1f9d095c55564c96aa6e2c789db45) Importer(815301076,1909f56bfc062723c751e8b465ee728b)  -> (artifact id: 'cb35533cf3a1dd50ebc5eca709cd003c') in 0.012053 seconds 
========================================================================
Received Import Request.
  Time since last request: 0.000219 seconds.
  path: Assets/Images/VERT.png
  artifactKey: Guid(57afa5273af50084495a2c829850c744) Importer(815301076,1909f56bfc062723c751e8b465ee728b)
Start importing Assets/Images/VERT.png using Guid(57afa5273af50084495a2c829850c744) Importer(815301076,1909f56bfc062723c751e8b465ee728b)  -> (artifact id: '00947934ea50412e0321e63870bb5406') in 0.010523 seconds 
========================================================================
Received Import Request.
  Time since last request: 0.000426 seconds.
  path: Assets/Images/JAUNE.png
  artifactKey: Guid(cba2633ae98c586499c7fd0415ee1e85) Importer(815301076,1909f56bfc062723c751e8b465ee728b)
Start importing Assets/Images/JAUNE.png using Guid(cba2633ae98c586499c7fd0415ee1e85) Importer(815301076,1909f56bfc062723c751e8b465ee728b)  -> (artifact id: '8026e0eb029f78c1c070a1962b5003b5') in 0.018245 seconds 
========================================================================
Received Import Request.
  Time since last request: 0.000237 seconds.
  path: Assets/Images/VIOLET.png
  artifactKey: Guid(7d8210a5c3108ae41a44102437fc0164) Importer(815301076,1909f56bfc062723c751e8b465ee728b)
Start importing Assets/Images/VIOLET.png using Guid(7d8210a5c3108ae41a44102437fc0164) Importer(815301076,1909f56bfc062723c751e8b465ee728b)  -> (artifact id: 'b20629ae3bbcd9c13e25afe4006762ae') in 0.013029 seconds 
AssetImportWorkerClient::OnTransportError - code=2 error=End of file
